Processing esp32dev (platform: espressif32; board: esp32dev; framework: arduino)
--------------------------------------------------------------------------------
Verbose mode can be enabled via `-v, --verbose` option
CONFIGURATION: https://docs.platformio.org/page/boards/espressif32/esp32dev.html
PLATFORM: Espressif 32 (55.3.37) > Espressif ESP32 Dev Module
HARDWARE: ESP32 240MHz, 320KB RAM, 4MB Flash
DEBUG: Current (cmsis-dap) External (cmsis-dap, esp-bridge, esp-prog, iot-bus-jtag, jlink, minimodule, olimex-arm-usb-ocd, olimex-arm-usb-ocd-h, olimex-arm-usb-tiny-h, olimex-jtag-tiny, tumpa)
PACKAGES: 
 - contrib-piohome @ 3.4.4 
 - framework-arduinoespressif32 @ 3.3.7 
 - framework-arduinoespressif32-libs @ 5.5.0+sha.87912cd291 
 - tool-esptoolpy @ 5.1.2 
 - toolchain-xtensa-esp-elf @ 14.2.0+20251107
*** Applied include path shortening for 296 framework paths ***
*** Path length reduced from 33933 to ~11824 characters ***
*** Estimated savings: 21608 characters ***
LDF: Library Dependency Finder -> https://bit.ly/configure-pio-ldf
LDF Modes: Finder ~ chain, Compatibility ~ soft
Found 44 compatible libraries
Scanning dependencies...
Dependency Graph
|-- NimBLE-Arduino @ 2.3.7
Building in release mode
Compiling .pio\build\esp32dev\lib250\NimBLE-Arduino\NimBLE2904.cpp.o
Compiling .pio\build\esp32dev\lib250\NimBLE-Arduino\NimBLEAddress.cpp.o
Compiling .pio\build\esp32dev\lib250\NimBLE-Arduino\NimBLEAdvertisedDevice.cpp.o
Compiling .pio\build\esp32dev\lib250\NimBLE-Arduino\NimBLEAdvertisementData.cpp.o
Compiling .pio\build\esp32dev\lib250\NimBLE-Arduino\NimBLEAdvertising.cpp.o
Compiling .pio\build\esp32dev\lib250\NimBLE-Arduino\NimBLEAttValue.cpp.o
Compiling .pio\build\esp32dev\lib250\NimBLE-Arduino\NimBLEBeacon.cpp.o
Compiling .pio\build\esp32dev\lib250\NimBLE-Arduino\NimBLECharacteristic.cpp.o
Compiling .pio\build\esp32dev\lib250\NimBLE-Arduino\NimBLEClient.cpp.o
Compiling .pio\build\esp32dev\lib250\NimBLE-Arduino\NimBLEDescriptor.cpp.o
Compiling .pio\build\esp32dev\lib250\NimBLE-Arduino\NimBLEDevice.cpp.o
Compiling .pio\build\esp32dev\lib250\NimBLE-Arduino\NimBLEEddystoneTLM.cpp.o
Compiling .pio\build\esp32dev\lib250\NimBLE-Arduino\NimBLEExtAdvertising.cpp.o
Compiling .pio\build\esp32dev\lib250\NimBLE-Arduino\NimBLEHIDDevice.cpp.o
Compiling .pio\build\esp32dev\lib250\NimBLE-Arduino\NimBLEL2CAPChannel.cpp.o
Compiling .pio\build\esp32dev\lib250\NimBLE-Arduino\NimBLEL2CAPServer.cpp.o
Compiling .pio\build\esp32dev\lib250\NimBLE-Arduino\NimBLERemoteCharacteristic.cpp.o
Compiling .pio\build\esp32dev\lib250\NimBLE-Arduino\NimBLERemoteDescriptor.cpp.o
In file included from C:/Users/TiKi5/.platformio/packages/framework-arduinoespressif32-libs/esp32/include/bt/include/esp32/include/esp_bt.h:16,
                 from .pio/libdeps/esp32dev/NimBLE-Arduino/src/NimBLEDevice.h:25,
                 from .pio/libdeps/esp32dev/NimBLE-Arduino/src/NimBLEAdvertisementData.cpp:21:
C:/Users/TiKi5/.platformio/packages/framework-arduinoespressif32-libs/esp32/include/controller/esp32/esp_bredr_cfg.h:18:95: note: '#pragma message: BT: forcing BR/EDR max sync conn eff to 1 (Bluedroid HFP requires SCO/eSCO)'
   18 | #pragma message ("BT: forcing BR/EDR max sync conn eff to 1 (Bluedroid HFP requires SCO/eSCO)")
      |                                                                                               ^
In file included from C:/Users/TiKi5/.platformio/packages/framework-arduinoespressif32-libs/esp32/include/bt/include/esp32/include/esp_bt.h:16,
                 from .pio/libdeps/esp32dev/NimBLE-Arduino/src/NimBLEDevice.h:25,
                 from .pio/libdeps/esp32dev/NimBLE-Arduino/src/NimBLEAdvertisedDevice.cpp:21:
C:/Users/TiKi5/.platformio/packages/framework-arduinoespressif32-libs/esp32/include/controller/esp32/esp_bredr_cfg.h:18:95: note: '#pragma message: BT: forcing BR/EDR max sync conn eff to 1 (Bluedroid HFP requires SCO/eSCO)'
   18 | #pragma message ("BT: forcing BR/EDR max sync conn eff to 1 (Bluedroid HFP requires SCO/eSCO)")
      |                                                                                               ^
In file included from C:/Users/TiKi5/.platformio/packages/framework-arduinoespressif32-libs/esp32/include/bt/include/esp32/include/esp_bt.h:16,
                 from .pio/libdeps/esp32dev/NimBLE-Arduino/src/NimBLEDevice.h:25,
                 from .pio/libdeps/esp32dev/NimBLE-Arduino/src/NimBLEDevice.cpp:18:
C:/Users/TiKi5/.platformio/packages/framework-arduinoespressif32-libs/esp32/include/controller/esp32/esp_bredr_cfg.h:18:95: note: '#pragma message: BT: forcing BR/EDR max sync conn eff to 1 (Bluedroid HFP requires SCO/eSCO)'
   18 | #pragma message ("BT: forcing BR/EDR max sync conn eff to 1 (Bluedroid HFP requires SCO/eSCO)")
      |                                                                                               ^
In file included from C:/Users/TiKi5/.platformio/packages/framework-arduinoespressif32-libs/esp32/include/bt/include/esp32/include/esp_bt.h:16,
                 from .pio/libdeps/esp32dev/NimBLE-Arduino/src/NimBLEDevice.h:25,
                 from .pio/libdeps/esp32dev/NimBLE-Arduino/src/NimBLEAdvertising.cpp:26:
C:/Users/TiKi5/.platformio/packages/framework-arduinoespressif32-libs/esp32/include/controller/esp32/esp_bredr_cfg.h:18:95: note: '#pragma message: BT: forcing BR/EDR max sync conn eff to 1 (Bluedroid HFP requires SCO/eSCO)'
   18 | #pragma message ("BT: forcing BR/EDR max sync conn eff to 1 (Bluedroid HFP requires SCO/eSCO)")
      |                                                                                               ^
In file included from C:/Users/TiKi5/.platformio/packages/framework-arduinoespressif32-libs/esp32/include/bt/include/esp32/include/esp_bt.h:16,
                 from .pio/libdeps/esp32dev/NimBLE-Arduino/src/NimBLEDevice.h:25,
                 from .pio/libdeps/esp32dev/NimBLE-Arduino/src/NimBLEClient.cpp:23:
C:/Users/TiKi5/.platformio/packages/framework-arduinoespressif32-libs/esp32/include/controller/esp32/esp_bredr_cfg.h:18:95: note: '#pragma message: BT: forcing BR/EDR max sync conn eff to 1 (Bluedroid HFP requires SCO/eSCO)'
   18 | #pragma message ("BT: forcing BR/EDR max sync conn eff to 1 (Bluedroid HFP requires SCO/eSCO)")
      |                                                                                               ^
In file included from C:/Users/TiKi5/.platformio/packages/framework-arduinoespressif32-libs/esp32/include/bt/include/esp32/include/esp_bt.h:16,
                 from .pio/libdeps/esp32dev/NimBLE-Arduino/src/NimBLEDevice.h:25,
                 from .pio/libdeps/esp32dev/NimBLE-Arduino/src/NimBLECharacteristic.cpp:22:
C:/Users/TiKi5/.platformio/packages/framework-arduinoespressif32-libs/esp32/include/controller/esp32/esp_bredr_cfg.h:18:95: note: '#pragma message: BT: forcing BR/EDR max sync conn eff to 1 (Bluedroid HFP requires SCO/eSCO)'
   18 | #pragma message ("BT: forcing BR/EDR max sync conn eff to 1 (Bluedroid HFP requires SCO/eSCO)")
      |                                                                                               ^
Compiling .pio\build\esp32dev\lib250\NimBLE-Arduino\NimBLERemoteService.cpp.o
Compiling .pio\build\esp32dev\lib250\NimBLE-Arduino\NimBLERemoteValueAttribute.cpp.o
Compiling .pio\build\esp32dev\lib250\NimBLE-Arduino\NimBLEScan.cpp.o
Compiling .pio\build\esp32dev\lib250\NimBLE-Arduino\NimBLEServer.cpp.o
Compiling .pio\build\esp32dev\lib250\NimBLE-Arduino\NimBLEService.cpp.o
Compiling .pio\build\esp32dev\lib250\NimBLE-Arduino\NimBLEUUID.cpp.o
Compiling .pio\build\esp32dev\lib250\NimBLE-Arduino\NimBLEUtils.cpp.o
Compiling .pio\build\esp32dev\lib250\NimBLE-Arduino\nimble\esp_port\esp-hci\src\esp_nimble_hci.c.o
Compiling .pio\build\esp32dev\lib250\NimBLE-Arduino\nimble\esp_port\esp-hci\src\na_hci_driver.c.o
Compiling .pio\build\esp32dev\lib250\NimBLE-Arduino\nimble\esp_port\esp-hci\src\na_hci_transport.c.o
Compiling .pio\build\esp32dev\lib250\NimBLE-Arduino\nimble\esp_port\port\src\exp_nimble_mem.c.o
In file included from C:/Users/TiKi5/.platformio/packages/framework-arduinoespressif32-libs/esp32/include/bt/include/esp32/include/esp_bt.h:16,
                 from .pio/libdeps/esp32dev/NimBLE-Arduino/src/nimble/esp_port/esp-hci/src/esp_nimble_hci.c:23:
C:/Users/TiKi5/.platformio/packages/framework-arduinoespressif32-libs/esp32/include/controller/esp32/esp_bredr_cfg.h:18:9: note: '#pragma message: BT: forcing BR/EDR max sync conn eff to 1 (Bluedroid HFP requires SCO/eSCO)'
   18 | #pragma message ("BT: forcing BR/EDR max sync conn eff to 1 (Bluedroid HFP requires SCO/eSCO)")
      |         ^~~~~~~
Compiling .pio\build\esp32dev\lib250\NimBLE-Arduino\nimble\ext\tinycrypt\src\aes_decrypt.c.o
Compiling .pio\build\esp32dev\lib250\NimBLE-Arduino\nimble\ext\tinycrypt\src\aes_encrypt.c.o
Compiling .pio\build\esp32dev\lib250\NimBLE-Arduino\nimble\ext\tinycrypt\src\cbc_mode.c.o
Compiling .pio\build\esp32dev\lib250\NimBLE-Arduino\nimble\ext\tinycrypt\src\ccm_mode.c.o
Compiling .pio\build\esp32dev\lib250\NimBLE-Arduino\nimble\ext\tinycrypt\src\cmac_mode.c.o
Compiling .pio\build\esp32dev\lib250\NimBLE-Arduino\nimble\ext\tinycrypt\src\ctr_mode.c.o
Compiling .pio\build\esp32dev\lib250\NimBLE-Arduino\nimble\ext\tinycrypt\src\ctr_prng.c.o
Compiling .pio\build\esp32dev\lib250\NimBLE-Arduino\nimble\ext\tinycrypt\src\ecc.c.o
Compiling .pio\build\esp32dev\lib250\NimBLE-Arduino\nimble\ext\tinycrypt\src\ecc_dh.c.o
Compiling .pio\build\esp32dev\lib250\NimBLE-Arduino\nimble\ext\tinycrypt\src\ecc_dsa.c.o
Compiling .pio\build\esp32dev\lib250\NimBLE-Arduino\nimble\ext\tinycrypt\src\ecc_platform_specific.c.o
Compiling .pio\build\esp32dev\lib250\NimBLE-Arduino\nimble\ext\tinycrypt\src\hmac.c.o
Compiling .pio\build\esp32dev\lib250\NimBLE-Arduino\nimble\ext\tinycrypt\src\hmac_prng.c.o
Compiling .pio\build\esp32dev\lib250\NimBLE-Arduino\nimble\ext\tinycrypt\src\sha256.c.o
Compiling .pio\build\esp32dev\lib250\NimBLE-Arduino\nimble\ext\tinycrypt\src\utils.c.o
Compiling .pio\build\esp32dev\lib250\NimBLE-Arduino\nimble\nimble\controller\src\ble_ll.c.o
Compiling .pio\build\esp32dev\lib250\NimBLE-Arduino\nimble\nimble\controller\src\ble_ll_adv.c.o
Compiling .pio\build\esp32dev\lib250\NimBLE-Arduino\nimble\nimble\controller\src\ble_ll_conn.c.o
Compiling .pio\build\esp32dev\lib250\NimBLE-Arduino\nimble\nimble\controller\src\ble_ll_conn_hci.c.o
In file included from C:/Users/TiKi5/.platformio/packages/framework-arduinoespressif32-libs/esp32/include/bt/include/esp32/include/esp_bt.h:16,
                 from .pio/libdeps/esp32dev/NimBLE-Arduino/src/NimBLEDevice.h:25,
                 from .pio/libdeps/esp32dev/NimBLE-Arduino/src/NimBLEServer.cpp:21:
C:/Users/TiKi5/.platformio/packages/framework-arduinoespressif32-libs/esp32/include/controller/esp32/esp_bredr_cfg.h:18:95: note: '#pragma message: BT: forcing BR/EDR max sync conn eff to 1 (Bluedroid HFP requires SCO/eSCO)'
   18 | #pragma message ("BT: forcing BR/EDR max sync conn eff to 1 (Bluedroid HFP requires SCO/eSCO)")
      |                                                                                               ^
Compiling .pio\build\esp32dev\lib250\NimBLE-Arduino\nimble\nimble\controller\src\ble_ll_crypto.c.o
Compiling .pio\build\esp32dev\lib250\NimBLE-Arduino\nimble\nimble\controller\src\ble_ll_ctrl.c.o
Compiling .pio\build\esp32dev\lib250\NimBLE-Arduino\nimble\nimble\controller\src\ble_ll_dtm.c.o
In file included from C:/Users/TiKi5/.platformio/packages/framework-arduinoespressif32-libs/esp32/include/bt/include/esp32/include/esp_bt.h:16,
                 from .pio/libdeps/esp32dev/NimBLE-Arduino/src/NimBLEDevice.h:25,
                 from .pio/libdeps/esp32dev/NimBLE-Arduino/src/NimBLEScan.cpp:21:
C:/Users/TiKi5/.platformio/packages/framework-arduinoespressif32-libs/esp32/include/controller/esp32/esp_bredr_cfg.h:18:95: note: '#pragma message: BT: forcing BR/EDR max sync conn eff to 1 (Bluedroid HFP requires SCO/eSCO)'
   18 | #pragma message ("BT: forcing BR/EDR max sync conn eff to 1 (Bluedroid HFP requires SCO/eSCO)")
      |                                                                                               ^
Compiling .pio\build\esp32dev\lib250\NimBLE-Arduino\nimble\nimble\controller\src\ble_ll_hci.c.o
Compiling .pio\build\esp32dev\lib250\NimBLE-Arduino\nimble\nimble\controller\src\ble_ll_hci_ev.c.o
Compiling .pio\build\esp32dev\lib250\NimBLE-Arduino\nimble\nimble\controller\src\ble_ll_hci_supp_cmd.c.o
In file included from C:/Users/TiKi5/.platformio/packages/framework-arduinoespressif32-libs/esp32/include/bt/include/esp32/include/esp_bt.h:16,
                 from .pio/libdeps/esp32dev/NimBLE-Arduino/src/NimBLEDevice.h:25,
                 from .pio/libdeps/esp32dev/NimBLE-Arduino/src/NimBLEService.cpp:26:
C:/Users/TiKi5/.platformio/packages/framework-arduinoespressif32-libs/esp32/include/controller/esp32/esp_bredr_cfg.h:18:95: note: '#pragma message: BT: forcing BR/EDR max sync conn eff to 1 (Bluedroid HFP requires SCO/eSCO)'
   18 | #pragma message ("BT: forcing BR/EDR max sync conn eff to 1 (Bluedroid HFP requires SCO/eSCO)")
      |                                                                                               ^
Compiling .pio\build\esp32dev\lib250\NimBLE-Arduino\nimble\nimble\controller\src\ble_ll_hci_vs.c.o
Compiling .pio\build\esp32dev\lib250\NimBLE-Arduino\nimble\nimble\controller\src\ble_ll_iso.c.o
Compiling .pio\build\esp32dev\lib250\NimBLE-Arduino\nimble\nimble\controller\src\ble_ll_iso_big.c.o
Compiling .pio\build\esp32dev\lib250\NimBLE-Arduino\nimble\nimble\controller\src\ble_ll_isoal.c.o
Compiling .pio\build\esp32dev\lib250\NimBLE-Arduino\nimble\nimble\controller\src\ble_ll_pdu.c.o
Compiling .pio\build\esp32dev\lib250\NimBLE-Arduino\nimble\nimble\controller\src\ble_ll_rand.c.o
Compiling .pio\build\esp32dev\lib250\NimBLE-Arduino\nimble\nimble\controller\src\ble_ll_resolv.c.o
Compiling .pio\build\esp32dev\lib250\NimBLE-Arduino\nimble\nimble\controller\src\ble_ll_rfmgmt.c.o
Compiling .pio\build\esp32dev\lib250\NimBLE-Arduino\nimble\nimble\controller\src\ble_ll_scan.c.o
Compiling .pio\build\esp32dev\lib250\NimBLE-Arduino\nimble\nimble\controller\src\ble_ll_scan_aux.c.o
Compiling .pio\build\esp32dev\lib250\NimBLE-Arduino\nimble\nimble\controller\src\ble_ll_sched.c.o
Compiling .pio\build\esp32dev\lib250\NimBLE-Arduino\nimble\nimble\controller\src\ble_ll_sync.c.o
Compiling .pio\build\esp32dev\lib250\NimBLE-Arduino\nimble\nimble\controller\src\ble_ll_trace.c.o
Compiling .pio\build\esp32dev\lib250\NimBLE-Arduino\nimble\nimble\controller\src\ble_ll_utils.c.o
Compiling .pio\build\esp32dev\lib250\NimBLE-Arduino\nimble\nimble\controller\src\ble_ll_whitelist.c.o
Compiling .pio\build\esp32dev\lib250\NimBLE-Arduino\nimble\nimble\drivers\nrf51\src\ble_hw.c.o
Compiling .pio\build\esp32dev\lib250\NimBLE-Arduino\nimble\nimble\drivers\nrf51\src\ble_phy.c.o
Compiling .pio\build\esp32dev\lib250\NimBLE-Arduino\nimble\nimble\drivers\nrf5x\src\ble_hw.c.o
Compiling .pio\build\esp32dev\lib250\NimBLE-Arduino\nimble\nimble\drivers\nrf5x\src\ble_phy.c.o
Compiling .pio\build\esp32dev\lib250\NimBLE-Arduino\nimble\nimble\drivers\nrf5x\src\ble_phy_trace.c.o
Compiling .pio\build\esp32dev\lib250\NimBLE-Arduino\nimble\nimble\drivers\nrf5x\src\nrf52\phy.c.o
Compiling .pio\build\esp32dev\lib250\NimBLE-Arduino\nimble\nimble\drivers\nrf5x\src\nrf53\phy.c.o
Compiling .pio\build\esp32dev\lib250\NimBLE-Arduino\nimble\nimble\host\mesh\src\access.c.o
Compiling .pio\build\esp32dev\lib250\NimBLE-Arduino\nimble\nimble\host\mesh\src\adv.c.o
Compiling .pio\build\esp32dev\lib250\NimBLE-Arduino\nimble\nimble\host\mesh\src\adv_ext.c.o
Compiling .pio\build\esp32dev\lib250\NimBLE-Arduino\nimble\nimble\host\mesh\src\adv_legacy.c.o
Compiling .pio\build\esp32dev\lib250\NimBLE-Arduino\nimble\nimble\host\mesh\src\aes-ccm.c.o
Compiling .pio\build\esp32dev\lib250\NimBLE-Arduino\nimble\nimble\host\mesh\src\app_keys.c.o
Compiling .pio\build\esp32dev\lib250\NimBLE-Arduino\nimble\nimble\host\mesh\src\beacon.c.o
Compiling .pio\build\esp32dev\lib250\NimBLE-Arduino\nimble\nimble\host\mesh\src\cdb.c.o
Compiling .pio\build\esp32dev\lib250\NimBLE-Arduino\nimble\nimble\host\mesh\src\cfg.c.o
Compiling .pio\build\esp32dev\lib250\NimBLE-Arduino\nimble\nimble\host\mesh\src\cfg_cli.c.o
Compiling .pio\build\esp32dev\lib250\NimBLE-Arduino\nimble\nimble\host\mesh\src\cfg_srv.c.o
Compiling .pio\build\esp32dev\lib250\NimBLE-Arduino\nimble\nimble\host\mesh\src\crypto.c.o
Compiling .pio\build\esp32dev\lib250\NimBLE-Arduino\nimble\nimble\host\mesh\src\friend.c.o
Compiling .pio\build\esp32dev\lib250\NimBLE-Arduino\nimble\nimble\host\mesh\src\glue.c.o
Compiling .pio\build\esp32dev\lib250\NimBLE-Arduino\nimble\nimble\host\mesh\src\health_cli.c.o
Compiling .pio\build\esp32dev\lib250\NimBLE-Arduino\nimble\nimble\host\mesh\src\health_srv.c.o
Compiling .pio\build\esp32dev\lib250\NimBLE-Arduino\nimble\nimble\host\mesh\src\heartbeat.c.o
Compiling .pio\build\esp32dev\lib250\NimBLE-Arduino\nimble\nimble\host\mesh\src\light_model.c.o
Compiling .pio\build\esp32dev\lib250\NimBLE-Arduino\nimble\nimble\host\mesh\src\lpn.c.o
Compiling .pio\build\esp32dev\lib250\NimBLE-Arduino\nimble\nimble\host\mesh\src\mesh.c.o
Compiling .pio\build\esp32dev\lib250\NimBLE-Arduino\nimble\nimble\host\mesh\src\model_cli.c.o
Compiling .pio\build\esp32dev\lib250\NimBLE-Arduino\nimble\nimble\host\mesh\src\model_srv.c.o
Compiling .pio\build\esp32dev\lib250\NimBLE-Arduino\nimble\nimble\host\mesh\src\msg.c.o
Compiling .pio\build\esp32dev\lib250\NimBLE-Arduino\nimble\nimble\host\mesh\src\net.c.o
Compiling .pio\build\esp32dev\lib250\NimBLE-Arduino\nimble\nimble\host\mesh\src\pb_adv.c.o
Compiling .pio\build\esp32dev\lib250\NimBLE-Arduino\nimble\nimble\host\mesh\src\pb_gatt.c.o
Compiling .pio\build\esp32dev\lib250\NimBLE-Arduino\nimble\nimble\host\mesh\src\pb_gatt_srv.c.o
Compiling .pio\build\esp32dev\lib250\NimBLE-Arduino\nimble\nimble\host\mesh\src\prov.c.o
Compiling .pio\build\esp32dev\lib250\NimBLE-Arduino\nimble\nimble\host\mesh\src\prov_device.c.o
Compiling .pio\build\esp32dev\lib250\NimBLE-Arduino\nimble\nimble\host\mesh\src\provisioner.c.o
Compiling .pio\build\esp32dev\lib250\NimBLE-Arduino\nimble\nimble\host\mesh\src\proxy.c.o
Compiling .pio\build\esp32dev\lib250\NimBLE-Arduino\nimble\nimble\host\mesh\src\proxy_msg.c.o
Compiling .pio\build\esp32dev\lib250\NimBLE-Arduino\nimble\nimble\host\mesh\src\proxy_srv.c.o
Compiling .pio\build\esp32dev\lib250\NimBLE-Arduino\nimble\nimble\host\mesh\src\rpl.c.o
Compiling .pio\build\esp32dev\lib250\NimBLE-Arduino\nimble\nimble\host\mesh\src\settings.c.o
Compiling .pio\build\esp32dev\lib250\NimBLE-Arduino\nimble\nimble\host\mesh\src\shell.c.o
Compiling .pio\build\esp32dev\lib250\NimBLE-Arduino\nimble\nimble\host\mesh\src\subnet.c.o
Compiling .pio\build\esp32dev\lib250\NimBLE-Arduino\nimble\nimble\host\mesh\src\testing.c.o
Compiling .pio\build\esp32dev\lib250\NimBLE-Arduino\nimble\nimble\host\mesh\src\transport.c.o
Compiling .pio\build\esp32dev\lib250\NimBLE-Arduino\nimble\nimble\host\services\gap\src\ble_svc_gap.c.o
Compiling .pio\build\esp32dev\lib250\NimBLE-Arduino\nimble\nimble\host\services\gatt\src\ble_svc_gatt.c.o
Compiling .pio\build\esp32dev\lib250\NimBLE-Arduino\nimble\nimble\host\src\ble_aes_ccm.c.o
Compiling .pio\build\esp32dev\lib250\NimBLE-Arduino\nimble\nimble\host\src\ble_att.c.o
Compiling .pio\build\esp32dev\lib250\NimBLE-Arduino\nimble\nimble\host\src\ble_att_clt.c.o
Compiling .pio\build\esp32dev\lib250\NimBLE-Arduino\nimble\nimble\host\src\ble_att_cmd.c.o
Compiling .pio\build\esp32dev\lib250\NimBLE-Arduino\nimble\nimble\host\src\ble_att_svr.c.o
Compiling .pio\build\esp32dev\lib250\NimBLE-Arduino\nimble\nimble\host\src\ble_dtm.c.o
Compiling .pio\build\esp32dev\lib250\NimBLE-Arduino\nimble\nimble\host\src\ble_ead.c.o
Compiling .pio\build\esp32dev\lib250\NimBLE-Arduino\nimble\nimble\host\src\ble_eatt.c.o
Compiling .pio\build\esp32dev\lib250\NimBLE-Arduino\nimble\nimble\host\src\ble_eddystone.c.o
Compiling .pio\build\esp32dev\lib250\NimBLE-Arduino\nimble\nimble\host\src\ble_gap.c.o
Compiling .pio\build\esp32dev\lib250\NimBLE-Arduino\nimble\nimble\host\src\ble_gattc.c.o
Compiling .pio\build\esp32dev\lib250\NimBLE-Arduino\nimble\nimble\host\src\ble_gattc_cache.c.o
Compiling .pio\build\esp32dev\lib250\NimBLE-Arduino\nimble\nimble\host\src\ble_gattc_cache_conn.c.o
Compiling .pio\build\esp32dev\lib250\NimBLE-Arduino\nimble\nimble\host\src\ble_gatts.c.o
Compiling .pio\build\esp32dev\lib250\NimBLE-Arduino\nimble\nimble\host\src\ble_gatts_lcl.c.o
Compiling .pio\build\esp32dev\lib250\NimBLE-Arduino\nimble\nimble\host\src\ble_hs.c.o
Compiling .pio\build\esp32dev\lib250\NimBLE-Arduino\nimble\nimble\host\src\ble_hs_adv.c.o
Compiling .pio\build\esp32dev\lib250\NimBLE-Arduino\nimble\nimble\host\src\ble_hs_atomic.c.o
Compiling .pio\build\esp32dev\lib250\NimBLE-Arduino\nimble\nimble\host\src\ble_hs_cfg.c.o
Compiling .pio\build\esp32dev\lib250\NimBLE-Arduino\nimble\nimble\host\src\ble_hs_conn.c.o
Compiling .pio\build\esp32dev\lib250\NimBLE-Arduino\nimble\nimble\host\src\ble_hs_flow.c.o
Compiling .pio\build\esp32dev\lib250\NimBLE-Arduino\nimble\nimble\host\src\ble_hs_hci.c.o
Compiling .pio\build\esp32dev\lib250\NimBLE-Arduino\nimble\nimble\host\src\ble_hs_hci_cmd.c.o
Compiling .pio\build\esp32dev\lib250\NimBLE-Arduino\nimble\nimble\host\src\ble_hs_hci_evt.c.o
Compiling .pio\build\esp32dev\lib250\NimBLE-Arduino\nimble\nimble\host\src\ble_hs_hci_util.c.o
Compiling .pio\build\esp32dev\lib250\NimBLE-Arduino\nimble\nimble\host\src\ble_hs_id.c.o
Compiling .pio\build\esp32dev\lib250\NimBLE-Arduino\nimble\nimble\host\src\ble_hs_log.c.o
Compiling .pio\build\esp32dev\lib250\NimBLE-Arduino\nimble\nimble\host\src\ble_hs_mbuf.c.o
Compiling .pio\build\esp32dev\lib250\NimBLE-Arduino\nimble\nimble\host\src\ble_hs_misc.c.o
Compiling .pio\build\esp32dev\lib250\NimBLE-Arduino\nimble\nimble\host\src\ble_hs_mqueue.c.o
Compiling .pio\build\esp32dev\lib250\NimBLE-Arduino\nimble\nimble\host\src\ble_hs_periodic_sync.c.o
Compiling .pio\build\esp32dev\lib250\NimBLE-Arduino\nimble\nimble\host\src\ble_hs_pvcy.c.o
Compiling .pio\build\esp32dev\lib250\NimBLE-Arduino\nimble\nimble\host\src\ble_hs_resolv.c.o
Compiling .pio\build\esp32dev\lib250\NimBLE-Arduino\nimble\nimble\host\src\ble_hs_shutdown.c.o
Compiling .pio\build\esp32dev\lib250\NimBLE-Arduino\nimble\nimble\host\src\ble_hs_startup.c.o
Compiling .pio\build\esp32dev\lib250\NimBLE-Arduino\nimble\nimble\host\src\ble_hs_stop.c.o
Compiling .pio\build\esp32dev\lib250\NimBLE-Arduino\nimble\nimble\host\src\ble_ibeacon.c.o
Compiling .pio\build\esp32dev\lib250\NimBLE-Arduino\nimble\nimble\host\src\ble_l2cap.c.o
Compiling .pio\build\esp32dev\lib250\NimBLE-Arduino\nimble\nimble\host\src\ble_l2cap_coc.c.o
Compiling .pio\build\esp32dev\lib250\NimBLE-Arduino\nimble\nimble\host\src\ble_l2cap_sig.c.o
Compiling .pio\build\esp32dev\lib250\NimBLE-Arduino\nimble\nimble\host\src\ble_l2cap_sig_cmd.c.o
Compiling .pio\build\esp32dev\lib250\NimBLE-Arduino\nimble\nimble\host\src\ble_sm.c.o
Compiling .pio\build\esp32dev\lib250\NimBLE-Arduino\nimble\nimble\host\src\ble_sm_alg.c.o
Compiling .pio\build\esp32dev\lib250\NimBLE-Arduino\nimble\nimble\host\src\ble_sm_cmd.c.o
Compiling .pio\build\esp32dev\lib250\NimBLE-Arduino\nimble\nimble\host\src\ble_sm_lgcy.c.o
Compiling .pio\build\esp32dev\lib250\NimBLE-Arduino\nimble\nimble\host\src\ble_sm_sc.c.o
Compiling .pio\build\esp32dev\lib250\NimBLE-Arduino\nimble\nimble\host\src\ble_store.c.o
Compiling .pio\build\esp32dev\lib250\NimBLE-Arduino\nimble\nimble\host\src\ble_store_util.c.o
Compiling .pio\build\esp32dev\lib250\NimBLE-Arduino\nimble\nimble\host\src\ble_uuid.c.o
Compiling .pio\build\esp32dev\lib250\NimBLE-Arduino\nimble\nimble\host\store\config\src\ble_store_config.c.o
Compiling .pio\build\esp32dev\lib250\NimBLE-Arduino\nimble\nimble\host\store\config\src\ble_store_config_conf.c.o
Compiling .pio\build\esp32dev\lib250\NimBLE-Arduino\nimble\nimble\host\store\config\src\ble_store_nvs.c.o
Compiling .pio\build\esp32dev\lib250\NimBLE-Arduino\nimble\nimble\host\store\ram\src\ble_store_ram.c.o
Compiling .pio\build\esp32dev\lib250\NimBLE-Arduino\nimble\nimble\host\util\src\addr.c.o
Compiling .pio\build\esp32dev\lib250\NimBLE-Arduino\nimble\nimble\transport\common\hci_h4\src\hci_h4.c.o
Compiling .pio\build\esp32dev\lib250\NimBLE-Arduino\nimble\nimble\transport\common\hci_ipc\src\hci_ipc.c.o
Compiling .pio\build\esp32dev\lib250\NimBLE-Arduino\nimble\nimble\transport\esp_ipc\src\hci_esp_ipc.c.o
Compiling .pio\build\esp32dev\lib250\NimBLE-Arduino\nimble\nimble\transport\esp_ipc_legacy\src\hci_esp_ipc_legacy.c.o
Compiling .pio\build\esp32dev\lib250\NimBLE-Arduino\nimble\nimble\transport\nrf5340\src\nrf5340_ble_hci.c.o
Compiling .pio\build\esp32dev\lib250\NimBLE-Arduino\nimble\nimble\transport\src\transport.c.o
Compiling .pio\build\esp32dev\lib250\NimBLE-Arduino\nimble\porting\nimble\src\endian.c.o
Compiling .pio\build\esp32dev\lib250\NimBLE-Arduino\nimble\porting\nimble\src\hal_timer.c.o
Compiling .pio\build\esp32dev\lib250\NimBLE-Arduino\nimble\porting\nimble\src\mem.c.o
Compiling .pio\build\esp32dev\lib250\NimBLE-Arduino\nimble\porting\nimble\src\nimble_port.c.o
Compiling .pio\build\esp32dev\lib250\NimBLE-Arduino\nimble\porting\nimble\src\os_cputime.c.o
Compiling .pio\build\esp32dev\lib250\NimBLE-Arduino\nimble\porting\nimble\src\os_cputime_pwr2.c.o
Compiling .pio\build\esp32dev\lib250\NimBLE-Arduino\nimble\porting\nimble\src\os_mbuf.c.o
Compiling .pio\build\esp32dev\lib250\NimBLE-Arduino\nimble\porting\nimble\src\os_mempool.c.o
Compiling .pio\build\esp32dev\lib250\NimBLE-Arduino\nimble\porting\nimble\src\os_msys_init.c.o
Compiling .pio\build\esp32dev\lib250\NimBLE-Arduino\nimble\porting\npl\freertos\src\nimble_port_freertos.c.o
Compiling .pio\build\esp32dev\lib250\NimBLE-Arduino\nimble\porting\npl\freertos\src\npl_os_freertos.c.o
Compiling .pio\build\esp32dev\src\main.cpp.o
Building .pio\build\esp32dev\bootloader.bin
Generating partitions .pio\build\esp32dev\partitions.bin
Compiling .pio\build\esp32dev\FrameworkArduino\ColorFormat.c.o
In file included from C:/Users/TiKi5/.platformio/packages/framework-arduinoespressif32-libs/esp32/include/bt/include/esp32/include/esp_bt.h:16,
                 from .pio/libdeps/esp32dev/NimBLE-Arduino/src/nimble/porting/nimble/src/nimble_port.c:37:
C:/Users/TiKi5/.platformio/packages/framework-arduinoespressif32-libs/esp32/include/controller/esp32/esp_bredr_cfg.h:18:9: note: '#pragma message: BT: forcing BR/EDR max sync conn eff to 1 (Bluedroid HFP requires SCO/eSCO)'
   18 | #pragma message ("BT: forcing BR/EDR max sync conn eff to 1 (Bluedroid HFP requires SCO/eSCO)")
      |         ^~~~~~~
esptool v5.1.2
Creating ESP32 image...
Merged 2 ELF sections.
Successfully created ESP32 image.
Compiling .pio\build\esp32dev\FrameworkArduino\Esp.cpp.o
Compiling .pio\build\esp32dev\FrameworkArduino\FirmwareMSC.cpp.o
Compiling .pio\build\esp32dev\FrameworkArduino\FunctionalInterrupt.cpp.o
Compiling .pio\build\esp32dev\FrameworkArduino\HEXBuilder.cpp.o
Compiling .pio\build\esp32dev\FrameworkArduino\HWCDC.cpp.o
In file included from C:/Users/TiKi5/.platformio/packages/framework-arduinoespressif32-libs/esp32/include/bt/include/esp32/include/esp_bt.h:16,
                 from .pio/libdeps/esp32dev/NimBLE-Arduino/src/nimble/porting/npl/freertos/src/nimble_port_freertos.c:35:
C:/Users/TiKi5/.platformio/packages/framework-arduinoespressif32-libs/esp32/include/controller/esp32/esp_bredr_cfg.h:18:9: note: '#pragma message: BT: forcing BR/EDR max sync conn eff to 1 (Bluedroid HFP requires SCO/eSCO)'
   18 | #pragma message ("BT: forcing BR/EDR max sync conn eff to 1 (Bluedroid HFP requires SCO/eSCO)")
      |         ^~~~~~~
Compiling .pio\build\esp32dev\FrameworkArduino\HardwareSerial.cpp.o
Compiling .pio\build\esp32dev\FrameworkArduino\HashBuilder.cpp.o
Compiling .pio\build\esp32dev\FrameworkArduino\IPAddress.cpp.o
Compiling .pio\build\esp32dev\FrameworkArduino\MD5Builder.cpp.o
Compiling .pio\build\esp32dev\FrameworkArduino\MacAddress.cpp.o
Compiling .pio\build\esp32dev\FrameworkArduino\Print.cpp.o
Compiling .pio\build\esp32dev\FrameworkArduino\Stream.cpp.o
Compiling .pio\build\esp32dev\FrameworkArduino\StreamString.cpp.o
Compiling .pio\build\esp32dev\FrameworkArduino\Tone.cpp.o
Compiling .pio\build\esp32dev\FrameworkArduino\USB.cpp.o
Compiling .pio\build\esp32dev\FrameworkArduino\USBCDC.cpp.o
Compiling .pio\build\esp32dev\FrameworkArduino\USBMSC.cpp.o
Compiling .pio\build\esp32dev\FrameworkArduino\WMath.cpp.o
Compiling .pio\build\esp32dev\FrameworkArduino\WString.cpp.o
Compiling .pio\build\esp32dev\FrameworkArduino\base64.cpp.o
Compiling .pio\build\esp32dev\FrameworkArduino\cbuf.cpp.o
Compiling .pio\build\esp32dev\FrameworkArduino\chip-debug-report.cpp.o
In file included from C:/Users/TiKi5/.platformio/packages/framework-arduinoespressif32-libs/esp32/include/bt/include/esp32/include/esp_bt.h:16,
                 from .pio/libdeps/esp32dev/NimBLE-Arduino/src/NimBLEDevice.h:25,
                 from src/main.cpp:3:
C:/Users/TiKi5/.platformio/packages/framework-arduinoespressif32-libs/esp32/include/controller/esp32/esp_bredr_cfg.h:18:95: note: '#pragma message: BT: forcing BR/EDR max sync conn eff to 1 (Bluedroid HFP requires SCO/eSCO)'
   18 | #pragma message ("BT: forcing BR/EDR max sync conn eff to 1 (Bluedroid HFP requires SCO/eSCO)")
      |                                                                                               ^
Compiling .pio\build\esp32dev\FrameworkArduino\esp32-hal-adc.c.o
Compiling .pio\build\esp32dev\FrameworkArduino\esp32-hal-bt.c.o
Compiling .pio\build\esp32dev\FrameworkArduino\esp32-hal-cpu.c.o
Compiling .pio\build\esp32dev\FrameworkArduino\esp32-hal-dac.c.o
In file included from C:/Users/TiKi5/.platformio/packages/framework-arduinoespressif32-libs/esp32/include/bt/include/esp32/include/esp_bt.h:16,
                 from C:/Users/TiKi5/.platformio/packages/framework-arduinoespressif32/cores/esp32/esp32-hal-bt.c:30:
C:/Users/TiKi5/.platformio/packages/framework-arduinoespressif32-libs/esp32/include/controller/esp32/esp_bredr_cfg.h:18:9: note: '#pragma message: BT: forcing BR/EDR max sync conn eff to 1 (Bluedroid HFP requires SCO/eSCO)'
   18 | #pragma message ("BT: forcing BR/EDR max sync conn eff to 1 (Bluedroid HFP requires SCO/eSCO)")
      |         ^~~~~~~
Compiling .pio\build\esp32dev\FrameworkArduino\esp32-hal-gpio.c.o
Compiling .pio\build\esp32dev\FrameworkArduino\esp32-hal-hosted.c.o
Compiling .pio\build\esp32dev\FrameworkArduino\esp32-hal-i2c-ng.c.o
Compiling .pio\build\esp32dev\FrameworkArduino\esp32-hal-i2c-slave.c.o
Compiling .pio\build\esp32dev\FrameworkArduino\esp32-hal-i2c.c.o
Compiling .pio\build\esp32dev\FrameworkArduino\esp32-hal-ledc.c.o
Compiling .pio\build\esp32dev\FrameworkArduino\esp32-hal-log-wrapper.c.o
Compiling .pio\build\esp32dev\FrameworkArduino\esp32-hal-matrix.c.o
Compiling .pio\build\esp32dev\FrameworkArduino\esp32-hal-misc.c.o
Compiling .pio\build\esp32dev\FrameworkArduino\esp32-hal-periman.c.o
Compiling .pio\build\esp32dev\FrameworkArduino\esp32-hal-psram.c.o
Compiling .pio\build\esp32dev\FrameworkArduino\esp32-hal-rgb-led.c.o
Compiling .pio\build\esp32dev\FrameworkArduino\esp32-hal-rmt.c.o
Compiling .pio\build\esp32dev\FrameworkArduino\esp32-hal-sigmadelta.c.o
Compiling .pio\build\esp32dev\FrameworkArduino\esp32-hal-spi.c.o
Compiling .pio\build\esp32dev\FrameworkArduino\esp32-hal-time.c.o
In file included from C:/Users/TiKi5/.platformio/packages/framework-arduinoespressif32-libs/esp32/include/bt/include/esp32/include/esp_bt.h:16,
                 from C:/Users/TiKi5/.platformio/packages/framework-arduinoespressif32/cores/esp32/esp32-hal-misc.c:29:
C:/Users/TiKi5/.platformio/packages/framework-arduinoespressif32-libs/esp32/include/controller/esp32/esp_bredr_cfg.h:18:9: note: '#pragma message: BT: forcing BR/EDR max sync conn eff to 1 (Bluedroid HFP requires SCO/eSCO)'
   18 | #pragma message ("BT: forcing BR/EDR max sync conn eff to 1 (Bluedroid HFP requires SCO/eSCO)")
      |         ^~~~~~~
Compiling .pio\build\esp32dev\FrameworkArduino\esp32-hal-timer.c.o
Compiling .pio\build\esp32dev\FrameworkArduino\esp32-hal-tinyusb.c.o
Compiling .pio\build\esp32dev\FrameworkArduino\esp32-hal-touch-ng.c.o
Compiling .pio\build\esp32dev\FrameworkArduino\esp32-hal-touch.c.o
Compiling .pio\build\esp32dev\FrameworkArduino\esp32-hal-uart.c.o
Compiling .pio\build\esp32dev\FrameworkArduino\firmware_msc_fat.c.o
Compiling .pio\build\esp32dev\FrameworkArduino\freertos_stats.cpp.o
Compiling .pio\build\esp32dev\FrameworkArduino\idf_openthread_mpool_wrapper.c.o
Compiling .pio\build\esp32dev\FrameworkArduino\libb64\cdecode.c.o
Compiling .pio\build\esp32dev\FrameworkArduino\libb64\cencode.c.o
Compiling .pio\build\esp32dev\FrameworkArduino\main.cpp.o
Compiling .pio\build\esp32dev\FrameworkArduino\stdlib_noniso.c.o
Compiling .pio\build\esp32dev\FrameworkArduino\wiring_pulse.c.o
Compiling .pio\build\esp32dev\FrameworkArduino\wiring_shift.c.o
Archiving .pio\build\esp32dev\libFrameworkArduino.a
Linking .pio\build\esp32dev\firmware.elf
Firmware metrics can not be shown. Set the terminal codepage to "utf-8" or "cp65001" on Windows.
Retrieving maximum program size .pio\build\esp32dev\firmware.elf
Checking size .pio\build\esp32dev\firmware.elf
Advanced Memory Usage is available via "PlatformIO Home > Project Inspect"
RAM:   [=         ]  10.9% (used 35840 bytes from 327680 bytes)
Flash: [=====     ]  45.8% (used 600348 bytes from 1310720 bytes)
Building .pio\build\esp32dev\firmware.bin
esptool v5.1.2
Creating ESP32 image...
Merged 2 ELF sections.
Successfully created ESP32 image.
Configuring upload protocol...
AVAILABLE: cmsis-dap, esp-bridge, esp-prog, espota, esptool, iot-bus-jtag, jlink, minimodule, olimex-arm-usb-ocd, olimex-arm-usb-ocd-h, olimex-arm-usb-tiny-h, olimex-jtag-tiny, tumpa
CURRENT: upload_protocol = esptool
Looking for upload port...
Auto-detected: COM3
Uploading .pio\build\esp32dev\firmware.bin
esptool v5.1.2
Serial port COM3:
Connecting.....
Connected to ESP32 on COM3:
Chip type:          ESP32-D0WD-V3 (revision v3.1)
Features:           Wi-Fi, BT, Dual Core + LP Core, 240MHz, Vref calibration in eFuse, Coding Scheme None
Crystal frequency:  40MHz
MAC:                38:18:2b:f9:93:cc

Uploading stub flasher...
Running stub flasher...
Stub flasher running.
Changing baud rate to 460800...
Changed.

Configuring flash size...
Auto-detected flash size: 4MB
Flash will be erased from 0x00001000 to 0x00006fff...
Flash will be erased from 0x00008000 to 0x00008fff...
Flash will be erased from 0x0000e000 to 0x0000ffff...
Flash will be erased from 0x00010000 to 0x000a2fff...
SHA digest in image updated.
Compressed 23552 bytes to 15145...

Exception in thread Thread-15 (run):
Traceback (most recent call last):
  File "C:\Users\TiKi5\AppData\Local\Programs\Python\Python313\Lib\threading.py", line 1044, in _bootstrap_inner
    self.run()
    ~~~~~~~~^^
  File "C:\Users\TiKi5\AppData\Local\Programs\Python\Python313\Lib\threading.py", line 995, in run
    self._target(*self._args, **self._kwargs)
    ~~~~~~~~~~~~^^^^^^^^^^^^^^^^^^^^^^^^^^^^^
  File "C:\Users\TiKi5\.platformio\penv\Lib\site-packages\platformio\proc.py", line 48, in run
    self.do_reading()
    ~~~~~~~~~~~~~~~^^
  File "C:\Users\TiKi5\.platformio\penv\Lib\site-packages\platformio\proc.py", line 103, in do_reading
    self.line_callback(line)
    ~~~~~~~~~~~~~~~~~~^^^^^^
  File "C:\Users\TiKi5\.platformio\penv\Lib\site-packages\platformio\platform\_run.py", line 137, in _on_stdout_line
    self._echo_line(line, level=1)
    ~~~~~~~~~~~~~~~^^^^^^^^^^^^^^^
  File "C:\Users\TiKi5\.platformio\penv\Lib\site-packages\platformio\platform\_run.py", line 158, in _echo_line
    click.secho(line, fg=fg, err=level > 1, nl=False)
    ~~~~~~~~~~~^^^^^^^^^^^^^^^^^^^^^^^^^^^^^^^^^^^^^^
  File "C:\Users\TiKi5\.platformio\penv\Lib\site-packages\platformio\__main__.py", line 90, in <lambda>
    click.secho = lambda *args, **kwargs: _safe_echo(1, *args, **kwargs)
                                          ~~~~~~~~~~^^^^^^^^^^^^^^^^^^^^
  File "C:\Users\TiKi5\.platformio\penv\Lib\site-packages\platformio\__main__.py", line 83, in _safe_echo
    click_echo_origin[origin](*args, **kwargs)
    ~~~~~~~~~~~~~~~~~~~~~~~~~^^^^^^^^^^^^^^^^^
  File "C:\Users\TiKi5\.platformio\penv\Lib\site-packages\click\termui.py", line 690, in secho
    return echo(message, file=file, nl=nl, err=err, color=color)
  File "C:\Users\TiKi5\.platformio\penv\Lib\site-packages\click\utils.py", line 321, in echo
    file.write(out)  # type: ignore
    ~~~~~~~~~~^^^^^
  File "C:\Users\TiKi5\AppData\Local\Programs\Python\Python313\Lib\encodings\cp1252.py", line 19, in encode
    return codecs.charmap_encode(input,self.errors,encoding_table)[0]
           ~~~~~~~~~~~~~~~~~~~~~^^^^^^^^^^^^^^^^^^^^^^^^^^^^^^^^^^
UnicodeEncodeError: 'charmap' codec can't encode characters in position 23-52: character maps to <undefined>
